2018-03-04 22:37:02,277 INFO o.a.j.u.JMeterUtils: Setting Locale to ko_KR
2018-03-04 22:37:02,287 ERROR o.a.j.u.JMeterUtils: Could not find resources for 'ko_KR'
2018-03-04 22:37:02,289 INFO o.a.j.JMeter: Loading user properties from: /usr/local/Cellar/jmeter/3.3/libexec/bin/user.properties
2018-03-04 22:37:02,289 INFO o.a.j.JMeter: Loading system properties from: /usr/local/Cellar/jmeter/3.3/libexec/bin/system.properties
2018-03-04 22:37:02,296 INFO o.a.j.JMeter: Copyright (c) 1998-2017 The Apache Software Foundation
2018-03-04 22:37:02,296 INFO o.a.j.JMeter: Version 3.3 r1808647
2018-03-04 22:37:02,297 INFO o.a.j.JMeter: java.version=1.8.0_151
2018-03-04 22:37:02,297 INFO o.a.j.JMeter: java.vm.name=Java HotSpot(TM) 64-Bit Server VM
2018-03-04 22:37:02,297 INFO o.a.j.JMeter: os.name=Mac OS X
2018-03-04 22:37:02,297 INFO o.a.j.JMeter: os.arch=x86_64
2018-03-04 22:37:02,297 INFO o.a.j.JMeter: os.version=10.12.6
2018-03-04 22:37:02,297 INFO o.a.j.JMeter: file.encoding=UTF-8
2018-03-04 22:37:02,297 INFO o.a.j.JMeter: Max memory     =536870912
2018-03-04 22:37:02,297 INFO o.a.j.JMeter: Available Processors =8
2018-03-04 22:37:02,307 INFO o.a.j.JMeter: Default Locale=한국어 (대한민국)
2018-03-04 22:37:02,308 INFO o.a.j.JMeter: JMeter  Locale=한국어 (대한민국)
2018-03-04 22:37:02,308 INFO o.a.j.JMeter: JMeterHome=/usr/local/Cellar/jmeter/3.3/libexec
2018-03-04 22:37:02,308 INFO o.a.j.JMeter: user.dir  =/Users/yoona/git/java-study/src
2018-03-04 22:37:02,308 INFO o.a.j.JMeter: PWD       =/Users/yoona/git/java-study/src
2018-03-04 22:37:07,315 INFO o.a.j.JMeter: IP: 172.30.1.22 Name: yoona-MacBook-Pro.local FullName: 172.30.1.22
2018-03-04 22:37:08,795 INFO o.a.j.g.a.LookAndFeelCommand: Using look and feel: com.apple.laf.AquaLookAndFeel [Mac OS X, System]
2018-03-04 22:37:08,799 INFO o.a.j.JMeter: Loaded icon properties from org/apache/jmeter/images/icon.properties
2018-03-04 22:37:09,459 INFO o.a.j.e.u.CompoundVariable: Note: Function class names must contain the string: '.functions.'
2018-03-04 22:37:09,459 INFO o.a.j.e.u.CompoundVariable: Note: Function class names must not contain the string: '.gui.'
2018-03-04 22:37:11,718 INFO o.a.j.g.u.MenuFactory: Skipping org.apache.jmeter.assertions.BSFAssertion
2018-03-04 22:37:11,812 INFO o.a.j.g.u.MenuFactory: Skipping org.apache.jmeter.extractor.BSFPostProcessor
2018-03-04 22:37:11,833 INFO o.a.j.g.u.MenuFactory: Skipping org.apache.jmeter.modifiers.BSFPreProcessor
2018-03-04 22:37:11,853 INFO o.a.j.p.h.s.HTTPSamplerBase: Parser for text/html is org.apache.jmeter.protocol.http.parser.LagartoBasedHtmlParser
2018-03-04 22:37:11,853 INFO o.a.j.p.h.s.HTTPSamplerBase: Parser for application/xhtml+xml is org.apache.jmeter.protocol.http.parser.LagartoBasedHtmlParser
2018-03-04 22:37:11,853 INFO o.a.j.p.h.s.HTTPSamplerBase: Parser for application/xml is org.apache.jmeter.protocol.http.parser.LagartoBasedHtmlParser
2018-03-04 22:37:11,853 INFO o.a.j.p.h.s.HTTPSamplerBase: Parser for text/xml is org.apache.jmeter.protocol.http.parser.LagartoBasedHtmlParser
2018-03-04 22:37:11,853 INFO o.a.j.p.h.s.HTTPSamplerBase: Parser for text/vnd.wap.wml is org.apache.jmeter.protocol.http.parser.RegexpHTMLParser
2018-03-04 22:37:11,853 INFO o.a.j.p.h.s.HTTPSamplerBase: Parser for text/css is org.apache.jmeter.protocol.http.parser.CssParser
2018-03-04 22:37:12,156 INFO o.a.j.e.KeyToolUtils: keytool found at 'keytool'
2018-03-04 22:37:12,157 INFO o.a.j.p.h.p.ProxyControl: HTTP(S) Test Script Recorder SSL Proxy will use keys that support embedded 3rd party resources in file /usr/local/Cellar/jmeter/3.3/libexec/bin/proxyserver.jks
2018-03-04 22:37:12,247 INFO o.a.j.g.u.MenuFactory: Skipping org.apache.jmeter.protocol.java.sampler.BSFSampler
2018-03-04 22:37:12,275 INFO o.a.j.s.FileServer: Default base='/Users/yoona/git/java-study/src'
2018-03-04 22:37:12,330 INFO o.a.j.g.u.MenuFactory: Skipping org.apache.jmeter.protocol.mongodb.config.MongoSourceElement
2018-03-04 22:37:12,330 INFO o.a.j.g.u.MenuFactory: Skipping org.apache.jmeter.protocol.mongodb.sampler.MongoScriptSampler
2018-03-04 22:37:12,419 INFO o.a.j.g.u.MenuFactory: Skipping org.apache.jmeter.timers.BSFTimer
2018-03-04 22:37:12,433 INFO o.a.j.g.u.MenuFactory: Skipping org.apache.jmeter.visualizers.BSFListener
2018-03-04 22:37:12,547 INFO o.a.j.s.SampleResult: Note: Sample TimeStamps are START times
2018-03-04 22:37:12,547 INFO o.a.j.s.SampleResult: sampleresult.default.encoding is set to ISO-8859-1
2018-03-04 22:37:12,547 INFO o.a.j.s.SampleResult: sampleresult.useNanoTime=true
2018-03-04 22:37:12,547 INFO o.a.j.s.SampleResult: sampleresult.nanoThreadSleep=5000
2018-03-04 22:37:23,118 INFO o.j.r.PluginManager: Plugins Status: [jpgc-graphs-basic=2.0, jpgc-graphs-additional=2.0, jpgc-autostop=0.1, jpgc-sense=3.4, jpgc-csl=0.1, jpgc-casutg=2.5, jpgc-dummy=0.2, jpgc-httpraw=0.1, jpgc-sts=2.2, jpgc-graphs-vs=2.0, jpgc-plugins-manager=0.19, bzm-random-csv=0.5, jpgc-webdriver=2.3, jpgc-tst=2.1, jpgc-csvars=0.1, jmeter-core=3.3, jmeter-ftp=3.3, jmeter-http=3.3, jmeter-jdbc=3.3, jmeter-jms=3.3, jmeter-junit=3.3, jmeter-java=3.3, jmeter-ldap=3.3, jmeter-mail=3.3, jmeter-mongodb=3.3, jmeter-native=3.3, jmeter-tcp=3.3, jmeter-components=3.3]
2018-03-04 22:37:23,226 INFO o.j.r.PluginManagerMenuItem: Plugins Manager has upgrades: [jpgc-sts, bzm-random-csv, jpgc-tst]
2018-03-04 22:37:40,176 INFO o.a.j.g.a.Load: Loading file: /Users/yoona/Documents/tmp-dir/performance_test.jmx
2018-03-04 22:37:40,176 INFO o.a.j.s.FileServer: Set new base='/Users/yoona/Documents/tmp-dir'
2018-03-04 22:37:40,326 INFO o.a.j.s.SaveService: Testplan (JMX) version: 2.2. Testlog (JTL) version: 2.2
2018-03-04 22:37:40,330 INFO o.a.j.s.SaveService: Using SaveService properties file encoding UTF-8
2018-03-04 22:37:40,331 INFO o.a.j.s.SaveService: Using SaveService properties version 3.2
2018-03-04 22:37:40,334 INFO o.a.j.s.SaveService: Loading file: /Users/yoona/Documents/tmp-dir/performance_test.jmx
2018-03-04 22:37:40,694 INFO o.a.j.s.FileServer: Set new base='/Users/yoona/Documents/tmp-dir'
